mode: set
github.com/misbahkun/go_parking_cli/v2/parking_cli.go:12.38,13.17 1 1
github.com/misbahkun/go_parking_cli/v2/parking_cli.go:13.17,15.3 1 1
github.com/misbahkun/go_parking_cli/v2/parking_cli.go:17.2,17.22 1 1
github.com/misbahkun/go_parking_cli/v2/parking_cli.go:20.73,25.37 3 1
github.com/misbahkun/go_parking_cli/v2/parking_cli.go:25.37,28.3 2 1
github.com/misbahkun/go_parking_cli/v2/parking_cli.go:30.2,35.38 4 1
github.com/misbahkun/go_parking_cli/v2/parking_cli.go:38.85,42.21 3 1
github.com/misbahkun/go_parking_cli/v2/parking_cli.go:42.21,44.3 1 1
github.com/misbahkun/go_parking_cli/v2/parking_cli.go:46.2,48.11 2 1
github.com/misbahkun/go_parking_cli/v2/parking_cli.go:48.11,50.3 1 1
github.com/misbahkun/go_parking_cli/v2/parking_cli.go:52.2,55.18 3 1
github.com/misbahkun/go_parking_cli/v2/parking_cli.go:58.84,64.12 4 1
github.com/misbahkun/go_parking_cli/v2/parking_cli.go:64.12,66.3 1 1
github.com/misbahkun/go_parking_cli/v2/parking_cli.go:68.2,72.18 3 1
github.com/misbahkun/go_parking_cli/v2/parking_cli.go:75.38,86.6 7 1
github.com/misbahkun/go_parking_cli/v2/parking_cli.go:86.6,96.25 5 1
github.com/misbahkun/go_parking_cli/v2/parking_cli.go:96.25,98.12 2 0
github.com/misbahkun/go_parking_cli/v2/parking_cli.go:101.3,103.18 2 1
github.com/misbahkun/go_parking_cli/v2/parking_cli.go:104.17,105.25 1 1
github.com/misbahkun/go_parking_cli/v2/parking_cli.go:105.25,107.13 2 1
github.com/misbahkun/go_parking_cli/v2/parking_cli.go:108.10,108.49 1 1
github.com/misbahkun/go_parking_cli/v2/parking_cli.go:108.49,110.13 2 1
github.com/misbahkun/go_parking_cli/v2/parking_cli.go:113.4,115.18 2 1
github.com/misbahkun/go_parking_cli/v2/parking_cli.go:115.18,117.5 1 1
github.com/misbahkun/go_parking_cli/v2/parking_cli.go:119.4,119.14 1 1
github.com/misbahkun/go_parking_cli/v2/parking_cli.go:119.14,121.5 1 1
github.com/misbahkun/go_parking_cli/v2/parking_cli.go:123.17,124.25 1 1
github.com/misbahkun/go_parking_cli/v2/parking_cli.go:124.25,126.13 2 1
github.com/misbahkun/go_parking_cli/v2/parking_cli.go:127.10,130.19 2 1
github.com/misbahkun/go_parking_cli/v2/parking_cli.go:130.19,132.6 1 1
github.com/misbahkun/go_parking_cli/v2/parking_cli.go:134.5,134.15 1 1
github.com/misbahkun/go_parking_cli/v2/parking_cli.go:134.15,136.6 1 0
github.com/misbahkun/go_parking_cli/v2/parking_cli.go:139.17,141.45 2 1
github.com/misbahkun/go_parking_cli/v2/parking_cli.go:143.15,145.10 2 1
github.com/misbahkun/go_parking_cli/v2/parking_cli.go:147.11,148.87 1 1
